2020.11.01 16:34:10 INFO  started: Metals version 0.9.4 in workspace '/workspaces/VSCHolaMundo' for client vscode.
2020.11.01 16:34:11 INFO  time: initialize in 1.35s
2020.11.01 16:34:17 INFO  no build target: using presentation compiler with only scala-library
2020.11.01 16:34:17 WARN  no build target for: /workspaces/VSCHolaMundo/holaalm/src/main/scala/Main.scala
2020.11.01 16:35:13 WARN  code navigation does not work for the file '/workspaces/VSCHolaMundo/holaalm/src/main/scala/Main.scala' because it doesn't belong to a build target.
2020.11.01 16:35:13 WARN  code navigation does not work for the file '/workspaces/VSCHolaMundo/holaalm/src/main/scala/Main.scala' because it doesn't belong to a build target.
2020.11.01 16:35:13 WARN  code navigation does not work for the file '/workspaces/VSCHolaMundo/holaalm/src/main/scala/Main.scala' because it doesn't belong to a build target.
2020.11.01 16:35:13 WARN  code navigation does not work for the file '/workspaces/VSCHolaMundo/holaalm/src/main/scala/Main.scala' because it doesn't belong to a build target.
Nov 01, 2020 4:38:46 PM org.eclipse.lsp4j.jsonrpc.services.GenericEndpoint notify
INFO: Unsupported notification method: $/setTraceNotification
Nov 01, 2020 4:38:48 PM org.eclipse.lsp4j.jsonrpc.services.GenericEndpoint notify
INFO: Unsupported notification method: $/setTraceNotification
Nov 01, 2020 4:38:48 PM org.eclipse.lsp4j.jsonrpc.services.GenericEndpoint notify
INFO: Unsupported notification method: $/setTraceNotification
Nov 01, 2020 4:38:53 PM org.eclipse.lsp4j.jsonrpc.services.GenericEndpoint notify
INFO: Unsupported notification method: $/setTraceNotification
Nov 01, 2020 4:39:27 PM org.eclipse.lsp4j.jsonrpc.services.GenericEndpoint notify
INFO: Unsupported notification method: $/setTraceNotification
Nov 01, 2020 4:39:30 PM org.eclipse.lsp4j.jsonrpc.services.GenericEndpoint notify
INFO: Unsupported notification method: $/setTraceNotification
Nov 01, 2020 4:39:30 PM org.eclipse.lsp4j.jsonrpc.services.GenericEndpoint notify
INFO: Unsupported notification method: $/setTraceNotification
Nov 01, 2020 4:39:32 PM org.eclipse.lsp4j.jsonrpc.services.GenericEndpoint notify
INFO: Unsupported notification method: $/setTraceNotification
Nov 01, 2020 4:39:33 PM org.eclipse.lsp4j.jsonrpc.services.GenericEndpoint notify
INFO: Unsupported notification method: $/setTraceNotification
Nov 01, 2020 4:39:34 PM org.eclipse.lsp4j.jsonrpc.services.GenericEndpoint notify
INFO: Unsupported notification method: $/setTraceNotification
Nov 01, 2020 4:39:35 PM org.eclipse.lsp4j.jsonrpc.services.GenericEndpoint notify
INFO: Unsupported notification method: $/setTraceNotification
Nov 01, 2020 4:39:43 PM org.eclipse.lsp4j.jsonrpc.services.GenericEndpoint notify
INFO: Unsupported notification method: $/setTraceNotification
Nov 01, 2020 4:39:45 PM org.eclipse.lsp4j.jsonrpc.services.GenericEndpoint notify
INFO: Unsupported notification method: $/setTraceNotification
Nov 01, 2020 4:39:47 PM org.eclipse.lsp4j.jsonrpc.services.GenericEndpoint notify
INFO: Unsupported notification method: $/setTraceNotification
2020.11.01 16:40:06 WARN  no build target for: /workspaces/VSCHolaMundo/holaalm/src/main/scala/Main.scala
Nov 01, 2020 4:42:00 PM org.eclipse.lsp4j.jsonrpc.services.GenericEndpoint notify
INFO: Unsupported notification method: $/setTraceNotification
Nov 01, 2020 4:42:10 PM org.eclipse.lsp4j.jsonrpc.services.GenericEndpoint notify
INFO: Unsupported notification method: $/setTraceNotification
Nov 01, 2020 4:42:12 PM org.eclipse.lsp4j.jsonrpc.services.GenericEndpoint notify
INFO: Unsupported notification method: $/setTraceNotification
Nov 01, 2020 4:42:13 PM org.eclipse.lsp4j.jsonrpc.services.GenericEndpoint notify
INFO: Unsupported notification method: $/setTraceNotification
Nov 01, 2020 4:42:14 PM org.eclipse.lsp4j.jsonrpc.services.GenericEndpoint notify
INFO: Unsupported notification method: $/setTraceNotification
Nov 01, 2020 4:42:16 PM org.eclipse.lsp4j.jsonrpc.services.GenericEndpoint notify
INFO: Unsupported notification method: $/setTraceNotification
Nov 01, 2020 5:03:50 PM org.eclipse.lsp4j.jsonrpc.services.GenericEndpoint notify
INFO: Unsupported notification method: $/setTraceNotification
Nov 01, 2020 5:03:50 PM org.eclipse.lsp4j.jsonrpc.services.GenericEndpoint notify
INFO: Unsupported notification method: $/setTraceNotification
Nov 01, 2020 5:03:51 PM org.eclipse.lsp4j.jsonrpc.services.GenericEndpoint notify
INFO: Unsupported notification method: $/setTraceNotification
Nov 01, 2020 5:04:07 PM org.eclipse.lsp4j.jsonrpc.services.GenericEndpoint notify
INFO: Unsupported notification method: $/setTraceNotification
Nov 01, 2020 5:04:11 PM org.eclipse.lsp4j.jsonrpc.services.GenericEndpoint notify
INFO: Unsupported notification method: $/setTraceNotification
